<?xml version="1.0" encoding="UTF-8"?>
<testsuite hostname="huangxiaoshideMac-mini.local" name="com.example.myAppiumProject.AndroidAppiumTest" tests="1" failures="0" timestamp="17 Aug 2016 01:46:57 GMT" time="0.033" errors="0">
  <testcase name="@BeforeClass SetUpBeforeClass" time="0.0" classname="com.example.myAppiumProject.AndroidAppiumTest">
    <failure type="org.testng.TestNGException" message="
Method SetUpBeforeClass requires 1 parameters but 0 were supplied in the @Configuration annotation.">
      <![CDATA[org.testng.TestNGException: 
Method SetUpBeforeClass requires 1 parameters but 0 were supplied in the @Configuration annotation.
	at org.apache.maven.surefire.testng.TestNGExecutor.run(TestNGExecutor.java:77)
	at org.apache.maven.surefire.testng.TestNGDirectoryTestSuite.execute(TestNGDirectoryTestSuite.java:110)
	at org.apache.maven.surefire.testng.TestNGProvider.invoke(TestNGProvider.java:106)
	at org.apache.maven.surefire.util.ReflectionUtils.invokeMethodWithArray(ReflectionUtils.java:189)
	at org.apache.maven.surefire.booter.ProviderFactory$ProviderProxy.invoke(ProviderFactory.java:165)
	at org.apache.maven.surefire.booter.ProviderFactory.invokeProvider(ProviderFactory.java:85)
	at org.apache.maven.surefire.booter.ForkedBooter.runSuitesInProcess(ForkedBooter.java:115)
	at org.apache.maven.surefire.booter.ForkedBooter.main(ForkedBooter.java:75)
... Removed 24 stack frames]]>
    </failure>
  </testcase>
  <testcase name="@AfterClass tearDownAfterClass" time="0.0" classname="com.example.myAppiumProject.AndroidAppiumTest">
    <skipped/>
  </testcase>
  <testcase name="apidemo" time="0.01" classname="com.example.myAppiumProject.AndroidAppiumTest">
    <skipped/>
  </testcase>
</testsuite>
